\BOOKMARK [1][-]{section.1}{Einleitung}{}% 1
\BOOKMARK [2][-]{subsection.1.1}{Fragestellung}{section.1}% 2
\BOOKMARK [2][-]{subsection.1.2}{Weiterer Aufbau}{section.1}% 3
\BOOKMARK [1][-]{section.2}{Datensatz}{}% 4
\BOOKMARK [2][-]{subsection.2.1}{Gemessene Daten}{section.2}% 5
\BOOKMARK [2][-]{subsection.2.2}{Berechnete Daten}{section.2}% 6
\BOOKMARK [2][-]{subsection.2.3}{Die Waschmaschine}{section.2}% 7
\BOOKMARK [1][-]{section.3}{Vorverarbeitung}{}% 8
\BOOKMARK [2][-]{subsection.3.1}{Stand der Technik}{section.3}% 9
\BOOKMARK [2][-]{subsection.3.2}{Extrahieren der Daten}{section.3}% 10
\BOOKMARK [2][-]{subsection.3.3}{Zeitreihen}{section.3}% 11
\BOOKMARK [2][-]{subsection.3.4}{Spezielle Features}{section.3}% 12
\BOOKMARK [1][-]{section.4}{Klassifizierung}{}% 13
\BOOKMARK [2][-]{subsection.4.1}{Stand der Technik}{section.4}% 14
\BOOKMARK [2][-]{subsection.4.2}{Weka}{section.4}% 15
\BOOKMARK [2][-]{subsection.4.3}{Parameter}{section.4}% 16
\BOOKMARK [1][-]{section.5}{Generierung}{}% 17
\BOOKMARK [2][-]{subsection.5.1}{Stand der Technik}{section.5}% 18
\BOOKMARK [2][-]{subsection.5.2}{Vorgehensweise}{section.5}% 19
\BOOKMARK [1][-]{section.6}{Evaluation}{}% 20
\BOOKMARK [2][-]{subsection.6.1}{Klassifizierung}{section.6}% 21
\BOOKMARK [2][-]{subsection.6.2}{Generierung}{section.6}% 22
\BOOKMARK [1][-]{section.7}{Fazit}{}% 23
\BOOKMARK [1][-]{appendix.A}{Anhang}{}% 24
