This is pdfTeX, Version 3.1415926-2.5-1.40.14 (MiKTeX 2.9) (preloaded format=pdflatex 2013.11.5)  19 DEC 2013 10:51
entering extended mode
**titelseite.tex
(D:\wissdoc-aifb\titelseite.tex
LaTeX2e <2011/06/27>
Babel <v3.8m> and hyphenation patterns for english, afrikaans, ancientgreek, ar
abic, armenian, assamese, basque, bengali, bokmal, bulgarian, catalan, coptic, 
croatian, czech, danish, dutch, esperanto, estonian, farsi, finnish, french, ga
lician, german, german-x-2013-05-26, greek, gujarati, hindi, hungarian, iceland
ic, indonesian, interlingua, irish, italian, kannada, kurmanji, latin, latvian,
 lithuanian, malayalam, marathi, mongolian, mongolianlmc, monogreek, ngerman, n
german-x-2013-05-26, nynorsk, oriya, panjabi, pinyin, polish, portuguese, roman
ian, russian, sanskrit, serbian, slovak, slovenian, spanish, swedish, swissgerm
an, tamil, telugu, turkish, turkmen, ukenglish, ukrainian, uppersorbian, usengl
ishmax, welsh, loaded.

! LaTeX Error: Environment titlepage undefined.

See the LaTeX manual or LaTeX Companion for explanation.
Type  H <return>  for immediate help.
 ...                                              
                                                  
l.5 \begin{titlepage}
                     
Your command was ignored.
Type  I <command> <return>  to replace it with another command,
or  <return>  to continue without it.

! Undefined control sequence.
l.7 \typearea
             [13.125mm]{15}
The control sequence at the end of the top line
of your error message was never \def'ed. If you have
misspelled it (e.g., `\hobx'), type `I' and the correct
spelling (e.g., `I\hbox'). Otherwise just continue,
and I'll forget about whatever was undefined.


! LaTeX Error: Missing \begin{document}.

See the LaTeX manual or LaTeX Companion for explanation.
Type  H <return>  for immediate help.
 ...                                              
                                                  
l.7 \typearea[
              13.125mm]{15}
You're in trouble here.  Try typing  <return>  to proceed.
If that doesn't work, type  X <return>  to quit.

Missing character: There is no [ in font nullfont!
Missing character: There is no 1 in font nullfont!
Missing character: There is no 3 in font nullfont!
Missing character: There is no . in font nullfont!
Missing character: There is no 1 in font nullfont!
Missing character: There is no 2 in font nullfont!
Missing character: There is no 5 in font nullfont!
Missing character: There is no m in font nullfont!
Missing character: There is no m in font nullfont!
Missing character: There is no ] in font nullfont!
Missing character: There is no 1 in font nullfont!
Missing character: There is no 5 in font nullfont!

Overfull \hbox (20.0pt too wide) in paragraph at lines 7--8
[] 
 []

\Prof=\box26
\Betreuer=\box27
\Diplomant=\box28
\Einreichdatum=\box29

! LaTeX Error: Missing \begin{document}.

See the LaTeX manual or LaTeX Companion for explanation.
Type  H <return>  for immediate help.
 ...                                              
                                                  
l.23 \hfill
           
You're in trouble here.  Try typing  <return>  to proceed.
If that doesn't work, type  X <return>  to quit.


Overfull \hbox (20.0pt too wide) in paragraph at lines 23--42
[]
 []


Overfull \hbox (5.55557pt too wide) in paragraph at lines 23--42
\OT1/cmss/m/n/10 S
 []


Overfull \hbox (6.80557pt too wide) in paragraph at lines 23--42
\OT1/cmss/m/n/10 T
 []


Overfull \hbox (6.87505pt too wide) in paragraph at lines 23--42
\OT1/cmss/m/n/10 U
 []


Overfull \hbox (7.22226pt too wide) in paragraph at lines 23--42
\OT1/cmss/m/n/10 D
 []


Overfull \hbox (2.7778pt too wide) in paragraph at lines 23--42
\OT1/cmss/m/n/10 I
 []


Overfull \hbox (5.97223pt too wide) in paragraph at lines 23--42
\OT1/cmss/m/n/10 E
 []


Overfull \hbox (7.08337pt too wide) in paragraph at lines 23--42
\OT1/cmss/m/n/10 N
 []


Overfull \hbox (6.66669pt too wide) in paragraph at lines 23--42
\OT1/cmss/m/n/10 A
 []


Overfull \hbox (6.45836pt too wide) in paragraph at lines 23--42
\OT1/cmss/m/n/10 R
 []


Overfull \hbox (6.66669pt too wide) in paragraph at lines 23--42
\OT1/cmss/m/n/10 B
 []


Overfull \hbox (5.97223pt too wide) in paragraph at lines 23--42
\OT1/cmss/m/n/10 E
 []


Overfull \hbox (2.7778pt too wide) in paragraph at lines 23--42
\OT1/cmss/m/n/10 I
 []


Overfull \hbox (6.80557pt too wide) in paragraph at lines 23--42
\OT1/cmss/m/n/10 T
 []

! Undefined control sequence.
l.46 {\large
            \bfseries *Titel der \\ [1ex] Arbeit*}
The control sequence at the end of the top line
of your error message was never \def'ed. If you have
misspelled it (e.g., `\hobx'), type `I' and the correct
spelling (e.g., `I\hbox'). Otherwise just continue,
and I'll forget about whatever was undefined.


Overfull \hbox (27.09734pt too wide) in paragraph at lines 46--46
 \OT1/cmss/bx/n/10 *Titel 
 []


Overfull \hbox (14.4445pt too wide) in paragraph at lines 46--46
 \OT1/cmss/bx/n/10 der 
 []


Overfull \hbox (34.18071pt too wide) in paragraph at lines 46--48
 []\OT1/cmss/bx/n/10 Arbeit* 
 []


Overfull \hbox (14.77782pt too wide) in paragraph at lines 50--50
 []\OT1/cmss/m/n/10 von 
 []


Overfull \hbox (58.80568pt too wide) in paragraph at lines 51--51
 [][] 
 []


Overfull \hbox (44.9167pt too wide) in paragraph at lines 55--55
 []\OT1/cmss/m/n/10 eingereicht 
 []


Overfull \hbox (12.75003pt too wide) in paragraph at lines 55--55
 \OT1/cmss/m/n/10 am 
 []


Overfull \hbox (45.5557pt too wide) in paragraph at lines 55--55
 [] 
 []


Overfull \hbox (20.22224pt too wide) in paragraph at lines 55--55
 \OT1/cmss/m/n/10 beim 
 []

Missing character: There is no Ã in font cmss10!
Missing character: There is no ¼ in font cmss10!

Overfull \hbox (30.1667pt too wide) in paragraph at lines 56--56
 []\OT1/cmss/m/n/10 Institut 
 []


Overfull \hbox (6.47226pt too wide) in paragraph at lines 56--56
 \OT1/cmss/m/n/10 fr 
 []


Overfull \hbox (24.61115pt too wide) in paragraph at lines 56--56
 \OT1/cmss/m/n/10 Ange- 
 []


Overfull \hbox (29.75005pt too wide) in paragraph at lines 56--56
 \OT1/cmss/m/n/10 wandte 
 []


Overfull \hbox (11.2778pt too wide) in paragraph at lines 56--56
 \OT1/cmss/m/n/10 In- 
 []


Overfull \hbox (14.52782pt too wide) in paragraph at lines 56--56
 \OT1/cmss/m/n/10 for- 
 []


Overfull \hbox (23.63895pt too wide) in paragraph at lines 56--56
 \OT1/cmss/m/n/10 matik 
 []


Overfull \hbox (15.50002pt too wide) in paragraph at lines 57--57
 []\OT1/cmss/m/n/10 und 
 []


Overfull \hbox (16.88893pt too wide) in paragraph at lines 57--57
 \OT1/cmss/m/n/10 For- 
 []


Overfull \hbox (19.58336pt too wide) in paragraph at lines 57--57
 \OT1/cmss/m/n/10 male 
 []


Overfull \hbox (38.13892pt too wide) in paragraph at lines 57--57
 \OT1/cmss/m/n/10 Beschrei- 
 []


Overfull \hbox (40.13895pt too wide) in paragraph at lines 57--57
 \OT1/cmss/m/n/10 bungsver- 
 []


Overfull \hbox (26.05562pt too wide) in paragraph at lines 57--57
 \OT1/cmss/m/n/10 fahren 
 []

Missing character: There is no Ã in font cmss10!
Missing character: There is no ¼ in font cmss10!

Overfull \hbox (13.44444pt too wide) in paragraph at lines 58--60
 []\OT1/cmss/m/n/10 des 
 []


Overfull \hbox (20.61116pt too wide) in paragraph at lines 58--60
 \OT1/cmss/m/n/10 Karl- 
 []


Overfull \hbox (25.44449pt too wide) in paragraph at lines 58--60
 \OT1/cmss/m/n/10 sruher 
 []


Overfull \hbox (11.2778pt too wide) in paragraph at lines 58--60
 \OT1/cmss/m/n/10 In- 
 []


Overfull \hbox (13.16666pt too wide) in paragraph at lines 58--60
 \OT1/cmss/m/n/10 sti- 
 []


Overfull \hbox (16.22223pt too wide) in paragraph at lines 58--60
 \OT1/cmss/m/n/10 tuts 
 []


Overfull \hbox (6.47226pt too wide) in paragraph at lines 58--60
 \OT1/cmss/m/n/10 fr 
 []


Overfull \hbox (23.36111pt too wide) in paragraph at lines 58--60
 \OT1/cmss/m/n/10 Tech- 
 []


Overfull \hbox (20.88892pt too wide) in paragraph at lines 58--60
 \OT1/cmss/m/n/10 nolo- 
 []


Overfull \hbox (11.83334pt too wide) in paragraph at lines 58--60
 \OT1/cmss/m/n/10 gie 
 []


Overfull \hbox (37.81952pt too wide) in paragraph at lines 62--62
 []\OT1/cmss/m/n/10 Referent: 
 []


Overfull \hbox (116.30583pt too wide) in paragraph at lines 62--62
 [] 
 []


Overfull \hbox (38.38896pt too wide) in paragraph at lines 63--63
 []\OT1/cmss/m/n/10 Betreuer: 
 []


Overfull \hbox (28.55559pt too wide) in paragraph at lines 63--63
 [] 
 []

LaTeX Font Info:    External font `cmex10' loaded for size
(Font)              <7> on input line 67.
LaTeX Font Info:    External font `cmex10' loaded for size
(Font)              <5> on input line 67.
Missing character: There is no Ã in font cmss10!
Missing character: There is no Ÿ in font cmss10!

Overfull \hbox (281.37515pt too wide) in paragraph at lines 67--72
 [][] 
 []


! LaTeX Error: \begin{document} ended by \end{titlepage}.

See the LaTeX manual or LaTeX Companion for explanation.
Type  H <return>  for immediate help.
 ...                                              
                                                  
l.73 \end{titlepage}
                    
Your command was ignored.
Type  I <command> <return>  to replace it with another command,
or  <return>  to continue without it.

)
! Emergency stop.
<*> titelseite.tex
                  
*** (job aborted, no legal \end found)

 
Here is how much of TeX's memory you used:
 22 strings out of 493921
 307 string characters out of 3144879
 52031 words of memory out of 3000000
 3413 multiletter control sequences out of 15000+200000
 4239 words of font info for 16 fonts, out of 3000000 for 9000
 841 hyphenation exceptions out of 8191
 19i,8n,12p,90b,224s stack positions out of 5000i,500n,10000p,200000b,50000s
!  ==> Fatal error occurred, no output PDF file produced!
